** [Hoptoad] Notifier 1.2.0 ready to catch errors
  [4;36;1mSQL (0.4ms)[0m   [0;1m SELECT name
 FROM sqlite_master
 WHERE type = 'table' AND NOT name = 'sqlite_sequence'
[0m
  [4;35;1mSQL (0.2ms)[0m   [0mselect sqlite_version(*)[0m
  [4;36;1mSQL (1.7ms)[0m   [0;1mCREATE TABLE "schema_migrations" ("version" varchar(255) NOT NULL) [0m
  [4;35;1mSQL (1.5ms)[0m   [0mCREATE UNIQUE INDEX "unique_schema_migrations" ON "schema_migrations" ("version")[0m
  [4;36;1mSQL (0.2ms)[0m   [0;1m SELECT name
 FROM sqlite_master
 WHERE type = 'table' AND NOT name = 'sqlite_sequence'
[0m
  [4;35;1mSQL (0.1ms)[0m   [0mSELECT version FROM schema_migrations[0m
Migrating to ClearanceMigration (20081104212250)
  [4;36;1mSQL (0.6ms)[0m   [0;1mCREATE TABLE "users" ("id" INTEGER PRIMARY KEY AUTOINCREMENT NOT NULL, "email" varchar(255), "crypted_password" varchar(40), "salt" varchar(40), "remember_token" varchar(255), "remember_token_expires_at" datetime, "confirmed" boolean DEFAULT 'f') [0m
  [4;35;1mSQL (0.2ms)[0m   [0mCREATE INDEX "index_users_on_email_and_crypted_password" ON "users" ("email", "crypted_password")[0m
  [4;36;1mSQL (0.1ms)[0m   [0;1mCREATE INDEX "index_users_on_id_and_salt" ON "users" ("id", "salt")[0m
  [4;35;1mSQL (0.1ms)[0m   [0mCREATE INDEX "index_users_on_email" ON "users" ("email")[0m
  [4;36;1mSQL (0.1ms)[0m   [0;1mCREATE INDEX "index_users_on_remember_token" ON "users" ("remember_token")[0m
  [4;35;1mSQL (0.1ms)[0m   [0mINSERT INTO schema_migrations (version) VALUES ('20081104212250')[0m
Migrating to CreateRoles (20081110012204)
  [4;36;1mSQL (0.4ms)[0m   [0;1mCREATE TABLE "roles" ("id" INTEGER PRIMARY KEY AUTOINCREMENT NOT NULL, "name" varchar(255), "description" text, "created_at" datetime, "updated_at" datetime) [0m
  [4;35;1mSQL (0.1ms)[0m   [0mINSERT INTO schema_migrations (version) VALUES ('20081110012204')[0m
Migrating to CreateUserRoles (20081115160452)
  [4;36;1mSQL (1.0ms)[0m   [0;1mCREATE TABLE "user_roles" ("id" INTEGER PRIMARY KEY AUTOINCREMENT NOT NULL, "user_id" integer, "role_id" integer, "created_at" datetime, "updated_at" datetime) [0m
  [4;35;1mSQL (0.1ms)[0m   [0mINSERT INTO schema_migrations (version) VALUES ('20081115160452')[0m
Migrating to AddDefaultUser (20090116042821)
  [4;36;1mUser Exists (0.3ms)[0m   [0;1mSELECT "users".id FROM "users" WHERE ("users"."email" = 'test@53cr.com') LIMIT 1[0m
  [4;35;1mUser Exists (0.1ms)[0m   [0mSELECT "users".id FROM "users" WHERE ("users"."email" = 'test@53cr.com') LIMIT 1[0m
  [4;36;1mUser Create (0.6ms)[0m   [0;1mINSERT INTO "users" ("salt", "crypted_password", "remember_token_expires_at", "confirmed", "remember_token", "email") VALUES('018b91bceb79843ffb4942e4b05d40879d04d59f', '631092130025530bed69c7fe9cf2e1366420b042', NULL, 'f', NULL, 'test@53cr.com')[0m
Sent mail to test@53cr.com

From: DO_NOT_REPLY@gmail.com
To: test@53cr.com
Subject: [Base app] Account confirmation
Mime-Version: 1.0
Content-Type: text/plain; charset=utf-8

http://localhost:3000/confirm/018b91bceb79843ffb4942e4b05d40879d04d59f
  [4;35;1mUser Update (0.2ms)[0m   [0mUPDATE "users" SET "confirmed" = 't' WHERE "id" = 1[0m
  [4;36;1mRole Create (0.5ms)[0m   [0;1mINSERT INTO "roles" ("name", "created_at", "updated_at", "description") VALUES('admin', '2009-05-16 05:12:46', '2009-05-16 05:12:46', 'duh')[0m
  [4;35;1mUserRole Create (0.1ms)[0m   [0mINSERT INTO "user_roles" ("created_at", "updated_at", "role_id", "user_id") VALUES('2009-05-16 05:12:46', '2009-05-16 05:12:46', 1, 1)[0m
  [4;36;1mUser Exists (0.1ms)[0m   [0;1mSELECT "users".id FROM "users" WHERE ("users"."email" = 'test@53cr.com' AND "users".id <> 1) LIMIT 1[0m
  [4;35;1mUser Exists (0.1ms)[0m   [0mSELECT "users".id FROM "users" WHERE ("users"."email" = 'test@53cr.com' AND "users".id <> 1) LIMIT 1[0m
  [4;36;1mSQL (0.1ms)[0m   [0;1mINSERT INTO schema_migrations (version) VALUES ('20090116042821')[0m
  [4;35;1mSQL (0.8ms)[0m   [0m SELECT name
 FROM sqlite_master
 WHERE type = 'table' AND NOT name = 'sqlite_sequence'
[0m
  [4;36;1mSQL (0.3ms)[0m   [0;1mSELECT version FROM schema_migrations[0m
  [4;35;1mSQL (0.3ms)[0m   [0m SELECT name
 FROM sqlite_master
 WHERE type = 'table' AND NOT name = 'sqlite_sequence'
[0m
  [4;36;1mSQL (0.1ms)[0m   [0;1mPRAGMA index_list("roles")[0m
  [4;35;1mSQL (0.0ms)[0m   [0mPRAGMA index_list("user_roles")[0m
  [4;36;1mSQL (0.2ms)[0m   [0;1mPRAGMA index_list("users")[0m
  [4;35;1mSQL (0.1ms)[0m   [0mPRAGMA index_info('index_users_on_remember_token')[0m
  [4;36;1mSQL (0.1ms)[0m   [0;1mPRAGMA index_info('index_users_on_email')[0m
  [4;35;1mSQL (0.1ms)[0m   [0mPRAGMA index_info('index_users_on_id_and_salt')[0m
  [4;36;1mSQL (0.1ms)[0m   [0;1mPRAGMA index_info('index_users_on_email_and_crypted_password')[0m
